<?xml version="1.0" encoding="UTF-8"?>
<!-- Generated by org.testng.reporters.JUnitReportReporter -->
<testsuite hostname="Utkarsh" failures="0" tests="1" name="com.registerTests.Alert_Check_28" time="13.250" errors="0" timestamp="2021-09-13T15:16:29 IST" skipped="0">
  <testcase classname="com.registerTests.Alert_Check_28" name="Vrfy_Alert" time="13.250"/>
  <system-out/>
</testsuite> <!-- com.registerTests.Alert_Check_28 -->
