<?xml version="1.0" encoding="UTF-8"?>
<!-- Generated by org.testng.reporters.JUnitReportReporter -->
<testsuite hostname="Utkarsh" failures="0" tests="1" name="com.fileUploadTests.Update_ProfilePic_63" time="12.915" errors="0" timestamp="2021-09-13T14:58:42 IST" skipped="0">
  <testcase classname="com.fileUploadTests.Update_ProfilePic_63" name="Vrfy_ProfilePic" time="12.915"/>
  <system-out/>
</testsuite> <!-- com.fileUploadTests.Update_ProfilePic_63 -->
