<?xml version="1.0" encoding="UTF-8"?>
<!-- Generated by org.testng.reporters.JUnitReportReporter -->
<testsuite hostname="ARPGL006755" failures="0" tests="2" name="com.loginTests.Pass_Validate_01" time="25.741" errors="0" timestamp="2021-09-08T11:54:52 IST" skipped="0">
  <testcase classname="com.loginTests.Pass_Validate_01" name="Vrfy_Uname" time="12.284"/>
  <system-out/>
  <testcase classname="com.loginTests.Pass_Validate_01" name="Password_Rules" time="13.457"/>
  <system-out/>
</testsuite> <!-- com.loginTests.Pass_Validate_01 -->
