<?xml version="1.0" encoding="UTF-8"?>
<!-- Generated by org.testng.reporters.JUnitReportReporter -->
<testsuite hostname="ARPGL006755" failures="0" tests="1" name="com.profileTests.Profile_UpdateProfile_001" time="23.384" errors="0" timestamp="2021-09-08T12:37:44 IST" skipped="0">
  <testcase classname="com.profileTests.Profile_UpdateProfile_001" name="updateProfile" time="23.384"/>
  <system-out/>
</testsuite> <!-- com.profileTests.Profile_UpdateProfile_001 -->
