<?xml version="1.0" encoding="UTF-8"?>
<!-- Generated by org.testng.reporters.JUnitReportReporter -->
<testsuite hostname="ARPGL006755" failures="0" tests="1" name="com.loginTests.Check_SignUp_001" time="15.567" errors="0" timestamp="2021-09-07T17:37:18 IST" skipped="0">
  <testcase classname="com.loginTests.Check_SignUp_001" name="check_SignUp" time="15.567"/>
  <system-out/>
</testsuite> <!-- com.loginTests.Check_SignUp_001 -->
