<?xml version="1.0" encoding="UTF-8"?>
<!-- Generated by org.testng.reporters.JUnitReportReporter -->
<testsuite hostname="Utkarsh" failures="0" tests="1" name="com.registerTests.Register_Button_13" time="8.117" errors="0" timestamp="2021-09-13T15:21:40 IST" skipped="0">
  <testcase classname="com.registerTests.Register_Button_13" name="Vrfy_ProfilePic" time="8.117"/>
  <system-out/>
</testsuite> <!-- com.registerTests.Register_Button_13 -->
